C:\USERS\GAURAV\DOCUMENTS\VISUAL STUDIO 2012\PROJECTS\CONNECT4\CONNECT4\DEBUG\MAINWINDOW.OBJ
C:\USERS\GAURAV\DOCUMENTS\VISUAL STUDIO 2012\PROJECTS\CONNECT4\CONNECT4\DEBUG\MAIN.OBJ
C:\USERS\GAURAV\DOCUMENTS\VISUAL STUDIO 2012\PROJECTS\CONNECT4\CONNECT4\DEBUG\LEADERBOARD.OBJ
C:\USERS\GAURAV\DOCUMENTS\VISUAL STUDIO 2012\PROJECTS\CONNECT4\CONNECT4\DEBUG\INSTRUCTIONS.OBJ
C:\USERS\GAURAV\DOCUMENTS\VISUAL STUDIO 2012\PROJECTS\CONNECT4\CONNECT4\DEBUG\MOC_MAINWINDOW.OBJ
C:\USERS\GAURAV\DOCUMENTS\VISUAL STUDIO 2012\PROJECTS\CONNECT4\CONNECT4\DEBUG\MOC_LEADERBOARD.OBJ
C:\USERS\GAURAV\DOCUMENTS\VISUAL STUDIO 2012\PROJECTS\CONNECT4\CONNECT4\DEBUG\MOC_INSTRUCTIONS.OBJ
C:\USERS\GAURAV\DOCUMENTS\VISUAL STUDIO 2012\PROJECTS\CONNECT4\CONNECT4\DEBUG\MOC_GAMERESULT.OBJ
C:\USERS\GAURAV\DOCUMENTS\VISUAL STUDIO 2012\PROJECTS\CONNECT4\CONNECT4\DEBUG\MOC_BOARD.OBJ
C:\USERS\GAURAV\DOCUMENTS\VISUAL STUDIO 2012\PROJECTS\CONNECT4\CONNECT4\DEBUG\GAMERESULT.OBJ
C:\USERS\GAURAV\DOCUMENTS\VISUAL STUDIO 2012\PROJECTS\CONNECT4\CONNECT4\DEBUG\BOARD.OBJ
C:\USERS\GAURAV\DOCUMENTS\VISUAL STUDIO 2012\PROJECTS\CONNECT4\CONNECT4\DEBUG\VC110.PDB
C:\USERS\GAURAV\DOCUMENTS\VISUAL STUDIO 2012\PROJECTS\CONNECT4\CONNECT4\DEBUG\QRC_SOUNDS.OBJ
C:\USERS\GAURAV\DOCUMENTS\VISUAL STUDIO 2012\PROJECTS\CONNECT4\CONNECT4\DEBUG\QRC_IMAGES.OBJ
C:\USERS\GAURAV\DOCUMENTS\VISUAL STUDIO 2012\PROJECTS\CONNECT4\CONNECT4\DEBUG\MOC_RESULTSWINDOW.OBJ
C:\USERS\GAURAV\DOCUMENTS\VISUAL STUDIO 2012\PROJECTS\CONNECT4\CONNECT4\DEBUG\RESULTWINDOW.OBJ
C:\USERS\GAURAV\DOCUMENTS\VISUAL STUDIO 2012\PROJECTS\CONNECT4\CONNECT4\DEBUG\MOC_RESULTWINDOW.OBJ
C:\USERS\GAURAV\DOCUMENTS\VISUAL STUDIO 2012\PROJECTS\CONNECT4\CONNECT4\GENERATEDFILES\DEBUG\MOC_MAINWINDOW.CPP
C:\USERS\GAURAV\DOCUMENTS\VISUAL STUDIO 2012\PROJECTS\CONNECT4\CONNECT4\GENERATEDFILES\UI_MAINWINDOW.H
C:\USERS\GAURAV\DOCUMENTS\VISUAL STUDIO 2012\PROJECTS\CONNECT4\CONNECT4\GENERATEDFILES\DEBUG\MOC_INSTRUCTIONS.CPP
C:\USERS\GAURAV\DOCUMENTS\VISUAL STUDIO 2012\PROJECTS\CONNECT4\CONNECT4\GENERATEDFILES\UI_INSTRUCTIONS.H
C:\USERS\GAURAV\DOCUMENTS\VISUAL STUDIO 2012\PROJECTS\CONNECT4\CONNECT4\GENERATEDFILES\QRC_SOUNDS.CPP
C:\USERS\GAURAV\DOCUMENTS\VISUAL STUDIO 2012\PROJECTS\CONNECT4\CONNECT4\GENERATEDFILES\UI_BOARD.H
C:\USERS\GAURAV\DOCUMENTS\VISUAL STUDIO 2012\PROJECTS\CONNECT4\CONNECT4\GENERATEDFILES\DEBUG\MOC_BOARD.CPP
C:\USERS\GAURAV\DOCUMENTS\VISUAL STUDIO 2012\PROJECTS\CONNECT4\CONNECT4\GENERATEDFILES\UI_LEADERBOARD.H
C:\USERS\GAURAV\DOCUMENTS\VISUAL STUDIO 2012\PROJECTS\CONNECT4\CONNECT4\GENERATEDFILES\QRC_IMAGES.CPP
C:\USERS\GAURAV\DOCUMENTS\VISUAL STUDIO 2012\PROJECTS\CONNECT4\CONNECT4\GENERATEDFILES\DEBUG\MOC_LEADERBOARD.CPP
C:\USERS\GAURAV\DOCUMENTS\VISUAL STUDIO 2012\PROJECTS\CONNECT4\CONNECT4\GENERATEDFILES\UI_RESULTWINDOW.H
C:\USERS\GAURAV\DOCUMENTS\VISUAL STUDIO 2012\PROJECTS\CONNECT4\CONNECT4\GENERATEDFILES\DEBUG\MOC_RESULTWINDOW.CPP
C:\USERS\GAURAV\DOCUMENTS\VISUAL STUDIO 2012\PROJECTS\CONNECT4\CONNECT4\DEBUG\CONNECT4.RES
C:\Users\Gaurav\Documents\Visual Studio 2012\Projects\Connect4\Connect4\Debug\board.obj
C:\Users\Gaurav\Documents\Visual Studio 2012\Projects\Connect4\Connect4\Debug\gameresult.obj
C:\Users\Gaurav\Documents\Visual Studio 2012\Projects\Connect4\Connect4\Debug\instructions.obj
C:\Users\Gaurav\Documents\Visual Studio 2012\Projects\Connect4\Connect4\Debug\leaderboard.obj
C:\Users\Gaurav\Documents\Visual Studio 2012\Projects\Connect4\Connect4\Debug\main.obj
C:\Users\Gaurav\Documents\Visual Studio 2012\Projects\Connect4\Connect4\Debug\mainwindow.obj
C:\Users\Gaurav\Documents\Visual Studio 2012\Projects\Connect4\Connect4\Debug\moc_board.obj
C:\Users\Gaurav\Documents\Visual Studio 2012\Projects\Connect4\Connect4\Debug\moc_gameresult.obj
C:\Users\Gaurav\Documents\Visual Studio 2012\Projects\Connect4\Connect4\Debug\moc_instructions.obj
C:\Users\Gaurav\Documents\Visual Studio 2012\Projects\Connect4\Connect4\Debug\moc_leaderboard.obj
C:\Users\Gaurav\Documents\Visual Studio 2012\Projects\Connect4\Connect4\Debug\moc_mainwindow.obj
C:\Users\Gaurav\Documents\Visual Studio 2012\Projects\Connect4\Connect4\Debug\moc_resultswindow.obj
C:\Users\Gaurav\Documents\Visual Studio 2012\Projects\Connect4\Connect4\Debug\moc_resultwindow.obj
C:\Users\Gaurav\Documents\Visual Studio 2012\Projects\Connect4\Connect4\Debug\qrc_images.obj
C:\Users\Gaurav\Documents\Visual Studio 2012\Projects\Connect4\Connect4\Debug\qrc_Sounds.obj
C:\Users\Gaurav\Documents\Visual Studio 2012\Projects\Connect4\Connect4\Debug\resultwindow.obj
C:\Users\Gaurav\Documents\Visual Studio 2012\Projects\Connect4\Connect4\Debug\cl.command.1.tlog
C:\Users\Gaurav\Documents\Visual Studio 2012\Projects\Connect4\Connect4\Debug\CL.read.1.tlog
C:\Users\Gaurav\Documents\Visual Studio 2012\Projects\Connect4\Connect4\Debug\CL.write.1.tlog
C:\Users\Gaurav\Documents\Visual Studio 2012\Projects\Connect4\Connect4\Debug\custombuild.command.1.tlog
C:\Users\Gaurav\Documents\Visual Studio 2012\Projects\Connect4\Connect4\Debug\custombuild.read.1.tlog
C:\Users\Gaurav\Documents\Visual Studio 2012\Projects\Connect4\Connect4\Debug\custombuild.write.1.tlog
C:\Users\Gaurav\Documents\Visual Studio 2012\Projects\Connect4\Connect4\Debug\link-cvtres.read.1.tlog
C:\Users\Gaurav\Documents\Visual Studio 2012\Projects\Connect4\Connect4\Debug\link-cvtres.write.1.tlog
C:\Users\Gaurav\Documents\Visual Studio 2012\Projects\Connect4\Connect4\Debug\link-rc.read.1.tlog
C:\Users\Gaurav\Documents\Visual Studio 2012\Projects\Connect4\Connect4\Debug\link-rc.write.1.tlog
C:\Users\Gaurav\Documents\Visual Studio 2012\Projects\Connect4\Connect4\Debug\link.1056-cvtres.read.1.tlog
C:\Users\Gaurav\Documents\Visual Studio 2012\Projects\Connect4\Connect4\Debug\link.1056-cvtres.write.1.tlog
C:\Users\Gaurav\Documents\Visual Studio 2012\Projects\Connect4\Connect4\Debug\link.1056-rc.read.1.tlog
C:\Users\Gaurav\Documents\Visual Studio 2012\Projects\Connect4\Connect4\Debug\link.1056-rc.write.1.tlog
C:\Users\Gaurav\Documents\Visual Studio 2012\Projects\Connect4\Connect4\Debug\link.1056.read.1.tlog
C:\Users\Gaurav\Documents\Visual Studio 2012\Projects\Connect4\Connect4\Debug\link.1056.write.1.tlog
C:\Users\Gaurav\Documents\Visual Studio 2012\Projects\Connect4\Connect4\Debug\link.10848-cvtres.read.1.tlog
C:\Users\Gaurav\Documents\Visual Studio 2012\Projects\Connect4\Connect4\Debug\link.10848-cvtres.write.1.tlog
C:\Users\Gaurav\Documents\Visual Studio 2012\Projects\Connect4\Connect4\Debug\link.10848-rc.read.1.tlog
C:\Users\Gaurav\Documents\Visual Studio 2012\Projects\Connect4\Connect4\Debug\link.10848-rc.write.1.tlog
C:\Users\Gaurav\Documents\Visual Studio 2012\Projects\Connect4\Connect4\Debug\link.10848.read.1.tlog
C:\Users\Gaurav\Documents\Visual Studio 2012\Projects\Connect4\Connect4\Debug\link.10848.write.1.tlog
C:\Users\Gaurav\Documents\Visual Studio 2012\Projects\Connect4\Connect4\Debug\link.12932-cvtres.read.1.tlog
C:\Users\Gaurav\Documents\Visual Studio 2012\Projects\Connect4\Connect4\Debug\link.12932-cvtres.write.1.tlog
C:\Users\Gaurav\Documents\Visual Studio 2012\Projects\Connect4\Connect4\Debug\link.12932-rc.read.1.tlog
C:\Users\Gaurav\Documents\Visual Studio 2012\Projects\Connect4\Connect4\Debug\link.12932-rc.write.1.tlog
C:\Users\Gaurav\Documents\Visual Studio 2012\Projects\Connect4\Connect4\Debug\link.12932.read.1.tlog
C:\Users\Gaurav\Documents\Visual Studio 2012\Projects\Connect4\Connect4\Debug\link.12932.write.1.tlog
C:\Users\Gaurav\Documents\Visual Studio 2012\Projects\Connect4\Connect4\Debug\link.13712-cvtres.read.1.tlog
C:\Users\Gaurav\Documents\Visual Studio 2012\Projects\Connect4\Connect4\Debug\link.13712-cvtres.write.1.tlog
C:\Users\Gaurav\Documents\Visual Studio 2012\Projects\Connect4\Connect4\Debug\link.13712-rc.read.1.tlog
C:\Users\Gaurav\Documents\Visual Studio 2012\Projects\Connect4\Connect4\Debug\link.13712-rc.write.1.tlog
C:\Users\Gaurav\Documents\Visual Studio 2012\Projects\Connect4\Connect4\Debug\link.13712.read.1.tlog
C:\Users\Gaurav\Documents\Visual Studio 2012\Projects\Connect4\Connect4\Debug\link.13712.write.1.tlog
C:\Users\Gaurav\Documents\Visual Studio 2012\Projects\Connect4\Connect4\Debug\link.14396-cvtres.read.1.tlog
C:\Users\Gaurav\Documents\Visual Studio 2012\Projects\Connect4\Connect4\Debug\link.14396-cvtres.write.1.tlog
C:\Users\Gaurav\Documents\Visual Studio 2012\Projects\Connect4\Connect4\Debug\link.14396-rc.read.1.tlog
C:\Users\Gaurav\Documents\Visual Studio 2012\Projects\Connect4\Connect4\Debug\link.14396-rc.write.1.tlog
C:\Users\Gaurav\Documents\Visual Studio 2012\Projects\Connect4\Connect4\Debug\link.14396.read.1.tlog
C:\Users\Gaurav\Documents\Visual Studio 2012\Projects\Connect4\Connect4\Debug\link.14396.write.1.tlog
C:\Users\Gaurav\Documents\Visual Studio 2012\Projects\Connect4\Connect4\Debug\link.14988-cvtres.read.1.tlog
C:\Users\Gaurav\Documents\Visual Studio 2012\Projects\Connect4\Connect4\Debug\link.14988-cvtres.write.1.tlog
C:\Users\Gaurav\Documents\Visual Studio 2012\Projects\Connect4\Connect4\Debug\link.14988-rc.read.1.tlog
C:\Users\Gaurav\Documents\Visual Studio 2012\Projects\Connect4\Connect4\Debug\link.14988-rc.write.1.tlog
C:\Users\Gaurav\Documents\Visual Studio 2012\Projects\Connect4\Connect4\Debug\link.14988.read.1.tlog
C:\Users\Gaurav\Documents\Visual Studio 2012\Projects\Connect4\Connect4\Debug\link.14988.write.1.tlog
C:\Users\Gaurav\Documents\Visual Studio 2012\Projects\Connect4\Connect4\Debug\link.2820-cvtres.read.1.tlog
C:\Users\Gaurav\Documents\Visual Studio 2012\Projects\Connect4\Connect4\Debug\link.2820-cvtres.write.1.tlog
C:\Users\Gaurav\Documents\Visual Studio 2012\Projects\Connect4\Connect4\Debug\link.2820-rc.read.1.tlog
C:\Users\Gaurav\Documents\Visual Studio 2012\Projects\Connect4\Connect4\Debug\link.2820-rc.write.1.tlog
C:\Users\Gaurav\Documents\Visual Studio 2012\Projects\Connect4\Connect4\Debug\link.2820.read.1.tlog
C:\Users\Gaurav\Documents\Visual Studio 2012\Projects\Connect4\Connect4\Debug\link.2820.write.1.tlog
C:\Users\Gaurav\Documents\Visual Studio 2012\Projects\Connect4\Connect4\Debug\link.3652-cvtres.read.1.tlog
C:\Users\Gaurav\Documents\Visual Studio 2012\Projects\Connect4\Connect4\Debug\link.3652-cvtres.write.1.tlog
C:\Users\Gaurav\Documents\Visual Studio 2012\Projects\Connect4\Connect4\Debug\link.3652-rc.read.1.tlog
C:\Users\Gaurav\Documents\Visual Studio 2012\Projects\Connect4\Connect4\Debug\link.3652-rc.write.1.tlog
C:\Users\Gaurav\Documents\Visual Studio 2012\Projects\Connect4\Connect4\Debug\link.3652.read.1.tlog
C:\Users\Gaurav\Documents\Visual Studio 2012\Projects\Connect4\Connect4\Debug\link.3652.write.1.tlog
C:\Users\Gaurav\Documents\Visual Studio 2012\Projects\Connect4\Connect4\Debug\link.4576-cvtres.read.1.tlog
C:\Users\Gaurav\Documents\Visual Studio 2012\Projects\Connect4\Connect4\Debug\link.4576-cvtres.write.1.tlog
C:\Users\Gaurav\Documents\Visual Studio 2012\Projects\Connect4\Connect4\Debug\link.4576-rc.read.1.tlog
C:\Users\Gaurav\Documents\Visual Studio 2012\Projects\Connect4\Connect4\Debug\link.4576-rc.write.1.tlog
C:\Users\Gaurav\Documents\Visual Studio 2012\Projects\Connect4\Connect4\Debug\link.4576.read.1.tlog
C:\Users\Gaurav\Documents\Visual Studio 2012\Projects\Connect4\Connect4\Debug\link.4576.write.1.tlog
C:\Users\Gaurav\Documents\Visual Studio 2012\Projects\Connect4\Connect4\Debug\link.5672-cvtres.read.1.tlog
C:\Users\Gaurav\Documents\Visual Studio 2012\Projects\Connect4\Connect4\Debug\link.5672-cvtres.write.1.tlog
C:\Users\Gaurav\Documents\Visual Studio 2012\Projects\Connect4\Connect4\Debug\link.5672-rc.read.1.tlog
C:\Users\Gaurav\Documents\Visual Studio 2012\Projects\Connect4\Connect4\Debug\link.5672-rc.write.1.tlog
C:\Users\Gaurav\Documents\Visual Studio 2012\Projects\Connect4\Connect4\Debug\link.5672.read.1.tlog
C:\Users\Gaurav\Documents\Visual Studio 2012\Projects\Connect4\Connect4\Debug\link.5672.write.1.tlog
C:\Users\Gaurav\Documents\Visual Studio 2012\Projects\Connect4\Connect4\Debug\link.5888-cvtres.read.1.tlog
C:\Users\Gaurav\Documents\Visual Studio 2012\Projects\Connect4\Connect4\Debug\link.5888-cvtres.write.1.tlog
C:\Users\Gaurav\Documents\Visual Studio 2012\Projects\Connect4\Connect4\Debug\link.5888-rc.read.1.tlog
C:\Users\Gaurav\Documents\Visual Studio 2012\Projects\Connect4\Connect4\Debug\link.5888-rc.write.1.tlog
C:\Users\Gaurav\Documents\Visual Studio 2012\Projects\Connect4\Connect4\Debug\link.5888.read.1.tlog
C:\Users\Gaurav\Documents\Visual Studio 2012\Projects\Connect4\Connect4\Debug\link.5888.write.1.tlog
C:\Users\Gaurav\Documents\Visual Studio 2012\Projects\Connect4\Connect4\Debug\link.6484-cvtres.read.1.tlog
C:\Users\Gaurav\Documents\Visual Studio 2012\Projects\Connect4\Connect4\Debug\link.6484-cvtres.write.1.tlog
C:\Users\Gaurav\Documents\Visual Studio 2012\Projects\Connect4\Connect4\Debug\link.6484-rc.read.1.tlog
C:\Users\Gaurav\Documents\Visual Studio 2012\Projects\Connect4\Connect4\Debug\link.6484-rc.write.1.tlog
C:\Users\Gaurav\Documents\Visual Studio 2012\Projects\Connect4\Connect4\Debug\link.6484.read.1.tlog
C:\Users\Gaurav\Documents\Visual Studio 2012\Projects\Connect4\Connect4\Debug\link.6484.write.1.tlog
C:\Users\Gaurav\Documents\Visual Studio 2012\Projects\Connect4\Connect4\Debug\link.6916-cvtres.read.1.tlog
C:\Users\Gaurav\Documents\Visual Studio 2012\Projects\Connect4\Connect4\Debug\link.6916-cvtres.write.1.tlog
C:\Users\Gaurav\Documents\Visual Studio 2012\Projects\Connect4\Connect4\Debug\link.6916-rc.read.1.tlog
C:\Users\Gaurav\Documents\Visual Studio 2012\Projects\Connect4\Connect4\Debug\link.6916-rc.write.1.tlog
C:\Users\Gaurav\Documents\Visual Studio 2012\Projects\Connect4\Connect4\Debug\link.6916.read.1.tlog
C:\Users\Gaurav\Documents\Visual Studio 2012\Projects\Connect4\Connect4\Debug\link.6916.write.1.tlog
C:\Users\Gaurav\Documents\Visual Studio 2012\Projects\Connect4\Connect4\Debug\link.7104-cvtres.read.1.tlog
C:\Users\Gaurav\Documents\Visual Studio 2012\Projects\Connect4\Connect4\Debug\link.7104-cvtres.write.1.tlog
C:\Users\Gaurav\Documents\Visual Studio 2012\Projects\Connect4\Connect4\Debug\link.7104-rc.read.1.tlog
C:\Users\Gaurav\Documents\Visual Studio 2012\Projects\Connect4\Connect4\Debug\link.7104-rc.write.1.tlog
C:\Users\Gaurav\Documents\Visual Studio 2012\Projects\Connect4\Connect4\Debug\link.7104.read.1.tlog
C:\Users\Gaurav\Documents\Visual Studio 2012\Projects\Connect4\Connect4\Debug\link.7104.write.1.tlog
C:\Users\Gaurav\Documents\Visual Studio 2012\Projects\Connect4\Connect4\Debug\link.7320-cvtres.read.1.tlog
C:\Users\Gaurav\Documents\Visual Studio 2012\Projects\Connect4\Connect4\Debug\link.7320-cvtres.write.1.tlog
C:\Users\Gaurav\Documents\Visual Studio 2012\Projects\Connect4\Connect4\Debug\link.7320-rc.read.1.tlog
C:\Users\Gaurav\Documents\Visual Studio 2012\Projects\Connect4\Connect4\Debug\link.7320-rc.write.1.tlog
C:\Users\Gaurav\Documents\Visual Studio 2012\Projects\Connect4\Connect4\Debug\link.7320.read.1.tlog
C:\Users\Gaurav\Documents\Visual Studio 2012\Projects\Connect4\Connect4\Debug\link.7320.write.1.tlog
C:\Users\Gaurav\Documents\Visual Studio 2012\Projects\Connect4\Connect4\Debug\link.7424-cvtres.read.1.tlog
C:\Users\Gaurav\Documents\Visual Studio 2012\Projects\Connect4\Connect4\Debug\link.7424-cvtres.write.1.tlog
C:\Users\Gaurav\Documents\Visual Studio 2012\Projects\Connect4\Connect4\Debug\link.7424-rc.read.1.tlog
C:\Users\Gaurav\Documents\Visual Studio 2012\Projects\Connect4\Connect4\Debug\link.7424-rc.write.1.tlog
C:\Users\Gaurav\Documents\Visual Studio 2012\Projects\Connect4\Connect4\Debug\link.7424.read.1.tlog
C:\Users\Gaurav\Documents\Visual Studio 2012\Projects\Connect4\Connect4\Debug\link.7424.write.1.tlog
C:\Users\Gaurav\Documents\Visual Studio 2012\Projects\Connect4\Connect4\Debug\link.7808-cvtres.read.1.tlog
C:\Users\Gaurav\Documents\Visual Studio 2012\Projects\Connect4\Connect4\Debug\link.7808-cvtres.write.1.tlog
C:\Users\Gaurav\Documents\Visual Studio 2012\Projects\Connect4\Connect4\Debug\link.7808-rc.read.1.tlog
C:\Users\Gaurav\Documents\Visual Studio 2012\Projects\Connect4\Connect4\Debug\link.7808-rc.write.1.tlog
C:\Users\Gaurav\Documents\Visual Studio 2012\Projects\Connect4\Connect4\Debug\link.7808.read.1.tlog
C:\Users\Gaurav\Documents\Visual Studio 2012\Projects\Connect4\Connect4\Debug\link.7808.write.1.tlog
C:\Users\Gaurav\Documents\Visual Studio 2012\Projects\Connect4\Connect4\Debug\link.9588-cvtres.read.1.tlog
C:\Users\Gaurav\Documents\Visual Studio 2012\Projects\Connect4\Connect4\Debug\link.9588-cvtres.write.1.tlog
C:\Users\Gaurav\Documents\Visual Studio 2012\Projects\Connect4\Connect4\Debug\link.9588-rc.read.1.tlog
C:\Users\Gaurav\Documents\Visual Studio 2012\Projects\Connect4\Connect4\Debug\link.9588-rc.write.1.tlog
C:\Users\Gaurav\Documents\Visual Studio 2012\Projects\Connect4\Connect4\Debug\link.9588.read.1.tlog
C:\Users\Gaurav\Documents\Visual Studio 2012\Projects\Connect4\Connect4\Debug\link.9588.write.1.tlog
C:\Users\Gaurav\Documents\Visual Studio 2012\Projects\Connect4\Connect4\Debug\link.command.1.tlog
C:\Users\Gaurav\Documents\Visual Studio 2012\Projects\Connect4\Connect4\Debug\link.read.1.tlog
C:\Users\Gaurav\Documents\Visual Studio 2012\Projects\Connect4\Connect4\Debug\link.write.1.tlog
C:\Users\Gaurav\Documents\Visual Studio 2012\Projects\Connect4\Connect4\Debug\rc.command.1.tlog
C:\Users\Gaurav\Documents\Visual Studio 2012\Projects\Connect4\Connect4\Debug\rc.read.1.tlog
C:\Users\Gaurav\Documents\Visual Studio 2012\Projects\Connect4\Connect4\Debug\rc.write.1.tlog
C:\Users\Gaurav\Documents\Visual Studio 2012\Projects\Connect4\Connect4\Debug\Connect4.res
C:\Users\Gaurav\Documents\Visual Studio 2012\Projects\Connect4\Connect4\Debug\vc110.pdb
C:\Users\Gaurav\Documents\Visual Studio 2012\Projects\Connect4\Win32\Debug\Connect4.pdb
