Build started 2017-03-20 6:16:36 PM.
     1>Project "C:\Users\Ashwin Rajan\Documents\Visual Studio 2012\Projects\Connect4\Connect4\Connect4.vcxproj" on node 2 (Build target(s)).
     1>ClCompile:
         C:\Program Files (x86)\Microsoft Visual Studio 11.0\VC\bin\CL.exe /c /I.\GeneratedFiles /I. /IC:\Qt\5.5\msvc2012\include /I.\GeneratedFiles\Debug /IC:\Qt\5.5\msvc2012\include\QtCore /IC:\Qt\5.5\msvc2012\include\QtGui /IC:\Qt\5.5\msvc2012\include\QtWidgets /Zi /nologo /W1 /WX- /Od /Oy- /D UNICODE /D WIN32 /D WIN64 /D QT_DLL /D QT_CORE_LIB /D QT_GUI_LIB /D QT_WIDGETS_LIB /Gm- /EHsc /MDd /GS /fp:precise /Zc:wchar_t /Zc:forScope /Fo"Debug\\" /Fd"Debug\vc110.pdb" /Gd /TP /analyze- /errorReport:prompt leaderboard.cpp resultwindow.cpp
         leaderboard.cpp
         resultwindow.cpp
         Generating Code...
       Link:
         C:\Program Files (x86)\Microsoft Visual Studio 11.0\VC\bin\link.exe /ERRORREPORT:PROMPT /OUT:"C:\Users\Ashwin Rajan\Documents\Visual Studio 2012\Projects\Connect4\Win32\Debug\\Connect4.exe" /NOLOGO /LIBPATH:C:\Qt\5.5\msvc2012\lib qtmaind.lib Qt5Cored.lib Qt5Guid.lib Qt5Widgetsd.lib kernel32.lib user32.lib gdi32.lib winspool.lib comdlg32.lib advapi32.lib shell32.lib ole32.lib oleaut32.lib uuid.lib odbc32.lib odbccp32.lib /MANIFEST /MANIFESTUAC:"level='asInvoker' uiAccess='false'" /manifest:embed /DEBUG /PDB:"C:\Users\Ashwin Rajan\Documents\Visual Studio 2012\Projects\Connect4\Win32\Debug\Connect4.pdb" /SUBSYSTEM:WINDOWS /TLBID:1 /DYNAMICBASE /NXCOMPAT /IMPLIB:"C:\Users\Ashwin Rajan\Documents\Visual Studio 2012\Projects\Connect4\Win32\Debug\Connect4.lib" /MACHINE:X86 /SAFESEH Debug\Connect4.res
         Debug\board.obj
         Debug\moc_board.obj
         Debug\moc_instructions.obj
         Debug\moc_leaderboard.obj
         Debug\moc_mainwindow.obj
         Debug\moc_resultwindow.obj
         Debug\qrc_images.obj
         Debug\qrc_Sounds.obj
         Debug\instructions.obj
         Debug\leaderboard.obj
         Debug\main.obj
         Debug\mainwindow.obj
         Debug\resultwindow.obj
         Connect4.vcxproj -> C:\Users\Ashwin Rajan\Documents\Visual Studio 2012\Projects\Connect4\Win32\Debug\Connect4.exe
     1>Done Building Project "C:\Users\Ashwin Rajan\Documents\Visual Studio 2012\Projects\Connect4\Connect4\Connect4.vcxproj" (Build target(s)).

Build succeeded.

Time Elapsed 00:00:05.91
